#
# There is insufficient memory for the Java Runtime Environment to continue.
# Native memory allocation (malloc) failed to allocate 32784 bytes for Chunk::new
# Possible reasons:
#   The system is out of physical RAM or swap space
#   The process is running with CompressedOops enabled, and the Java Heap may be blocking the growth of the native heap
# Possible solutions:
#   Reduce memory load on the system
#   Increase physical memory or swap space
#   Check if swap backing store is full
#   Decrease Java heap size (-Xmx/-Xms)
#   Decrease number of Java threads
#   Decrease Java thread stack sizes (-Xss)
#   Set larger code cache with -XX:ReservedCodeCacheSize=
#   JVM is running with Unscaled Compressed Oops mode in which the Java heap is
#     placed in the first 4GB address space. The Java Heap base address is the
#     maximum limit for the native heap growth. Please use -XX:HeapBaseMinAddress
#     to set the Java Heap base and to place the Java Heap above 4GB virtual address.
# This output file may be truncated or incomplete.
#
#  Out of Memory Error (allocation.cpp:389), pid=9036, tid=0x0000000000000cb0
#
# JRE version: OpenJDK Runtime Environment (8.0_242-b01) (build 1.8.0_242-release-1644-b01)
# Java VM: OpenJDK 64-Bit Server VM (25.242-b01 mixed mode windows-amd64 compressed oops)
# Failed to write core dump. Minidumps are not enabled by default on client versions of Windows
#

---------------  T H R E A D  ---------------

Current thread (0x00000000170c5000):  JavaThread "C2 CompilerThread0" daemon [_thread_in_native, id=3248, stack(0x0000000018700000,0x0000000018800000)]

Stack: [0x0000000018700000,0x0000000018800000]
[error occurred during error reporting (printing stack bounds), id 0xc0000005]

Native frames: (J=compiled Java code, j=interpreted, Vv=VM code, C=native code)


Current CompileTask:
C2:   6168 1480       4       java.net.URLClassLoader$1::run (5 bytes)


---------------  P R O C E S S  ---------------

Java Threads: ( => current thread )
  0x0000000019f37800 JavaThread "File lock request listener" [_thread_in_native, id=8916, stack(0x000000001ccc0000,0x000000001cdc0000)]
  0x0000000019d44000 JavaThread "Cache worker for journal cache (C:\Users\zaina\.gradle\caches\journal-1)" [_thread_blocked, id=9888, stack(0x000000001cbc0000,0x000000001ccc0000)]
  0x000000001ab0c800 JavaThread "Thread-9" [_thread_blocked, id=5252, stack(0x000000001c8c0000,0x000000001c9c0000)]
  0x000000001ab16000 JavaThread "Stdin handler" [_thread_blocked, id=9668, stack(0x000000001c7c0000,0x000000001c8c0000)]
  0x000000001ab15000 JavaThread "Asynchronous log dispatcher for DefaultDaemonConnection: socket connection from /127.0.0.1:50929 to /127.0.0.1:50930" [_thread_blocked, id=2156, stack(0x000000001c6c0000,0x000000001c7c0000)]
  0x000000001ab13000 JavaThread "Daemon worker" [_thread_in_vm, id=8804, stack(0x000000001c5c0000,0x000000001c6c0000)]
  0x000000001ab5b000 JavaThread "Cancel handler" [_thread_blocked, id=9492, stack(0x000000001c4c0000,0x000000001c5c0000)]
  0x000000001aa5b800 JavaThread "Handler for socket connection from /127.0.0.1:50929 to /127.0.0.1:50930" [_thread_in_native, id=5956, stack(0x000000001c1c0000,0x000000001c2c0000)]
  0x000000001aa5e800 JavaThread "Daemon" [_thread_blocked, id=8288, stack(0x000000001c0c0000,0x000000001c1c0000)]
  0x000000001aa69800 JavaThread "Daemon periodic checks" [_thread_blocked, id=9076, stack(0x000000001bfc0000,0x000000001c0c0000)]
  0x000000001aa6f800 JavaThread "Incoming local TCP Connector on port 50929" [_thread_in_native, id=8784, stack(0x000000001bde0000,0x000000001bee0000)]
  0x000000001aa1d000 JavaThread "Daemon health stats" [_thread_blocked, id=6080, stack(0x000000001b7a0000,0x000000001b8a0000)]
  0x000000001711c000 JavaThread "Service Thread" daemon [_thread_blocked, id=5196, stack(0x0000000018e00000,0x0000000018f00000)]
  0x00000000170d2000 JavaThread "C1 CompilerThread2" daemon [_thread_in_native, id=4396, stack(0x0000000018900000,0x0000000018a00000)]
  0x00000000170ca000 JavaThread "C2 CompilerThread1" daemon [_thread_blocked, id=9220, stack(0x0000000018800000,0x0000000018900000)]
=>0x00000000170c5000 JavaThread "C2 CompilerThread0" daemon [_thread_in_native, id=3248, stack(0x0000000018700000,0x0000000018800000)]
  0x00000000170c2800 JavaThread "Attach Listener" daemon [_thread_blocked, id=5420, stack(0x0000000018600000,0x0000000018700000)]
  0x00000000170c0000 JavaThread "Signal Dispatcher" daemon [_thread_blocked, id=6784, stack(0x0000000018500000,0x0000000018600000)]
  0x0000000002499800 JavaThread "Finalizer" daemon [_thread_blocked, id=6412, stack(0x0000000018320000,0x0000000018420000)]
  0x0000000002491000 JavaThread "Reference Handler" daemon [_thread_blocked, id=8328, stack(0x0000000018220000,0x0000000018320000)]
  0x00000000023a2800 JavaThread "main" [_thread_blocked, id=4848, stack(0x0000000002200000,0x0000000002300000)]

Other Threads:
  0x0000000017086800 VMThread [stack: 0x0000000018120000,0x0000000018220000] [id=9644]
  0x000000001711d800 WatcherThread [stack: 0x0000000018f00000,0x0000000019000000] [id=8996]

VM state:not at safepoint (normal execution)

VM Mutex/Monitor currently owned by a thread: None

heap address: 0x0000000080000000, size: 2048 MB, Compressed Oops mode: 32-bit
Narrow klass base: 0x0000000000000000, Narrow klass shift: 3
Compressed class space size: 1073741824 Address: 0x0000000100000000

Heap:
 PSYoungGen      total 22016K, used 14960K [0x00000000d5580000, 0x00000000d7e80000, 0x0000000100000000)
  eden space 16384K, 71% used [0x00000000d5580000,0x00000000d60fed58,0x00000000d6580000)
  from space 5632K, 56% used [0x00000000d7380000,0x00000000d769d5e8,0x00000000d7900000)
  to   space 4608K, 0% used [0x00000000d7a00000,0x00000000d7a00000,0x00000000d7e80000)
 ParOldGen       total 44032K, used 4909K [0x0000000080000000, 0x0000000082b00000, 0x00000000d5580000)
  object space 44032K, 11% used [0x0000000080000000,0x00000000804cb6e0,0x0000000082b00000)
 Metaspace       used 14972K, capacity 15436K, committed 15744K, reserved 1062912K
  class space    used 1981K, capacity 2154K, committed 2176K, reserved 1048576K

Card table byte_map: [0x0000000011860000,0x0000000011c70000] byte_map_base: 0x0000000011460000

Marking Bits: (ParMarkBitMap*) 0x000000006c91f030
 Begin Bits: [0x0000000012320000, 0x0000000014320000)
 End Bits:   [0x0000000014320000, 0x0000000016320000)

Polling page: 0x00000000001f0000

CodeCache: size=245760Kb used=5313Kb max_used=5319Kb free=240446Kb
 bounds [0x00000000024a0000, 0x00000000029e0000, 0x00000000114a0000]
 total_blobs=1868 nmethods=1478 adapters=303
 compilation: enabled

Compilation events (10 events):
Event: 6.067 Thread 0x00000000170d2000 nmethod 1475 0x00000000029cfe50 code [0x00000000029cffa0, 0x00000000029d00f0]
Event: 6.081 Thread 0x00000000170ca000 1476       4       java.util.jar.JarFile::maybeInstantiateVerifier (96 bytes)
Event: 6.092 Thread 0x00000000170d2000 1477       3       java.util.concurrent.locks.AbstractQueuedSynchronizer::compareAndSetState (13 bytes)
Event: 6.092 Thread 0x00000000170ca000 nmethod 1476 0x00000000029cf4d0 code [0x00000000029cf660, 0x00000000029cfab8]
Event: 6.092 Thread 0x00000000170d2000 nmethod 1477 0x00000000029cf190 code [0x00000000029cf2e0, 0x00000000029cf450]
Event: 6.092 Thread 0x00000000170d2000 1478       3       java.util.concurrent.locks.AbstractQueuedSynchronizer::release (33 bytes)
Event: 6.092 Thread 0x00000000170d2000 nmethod 1478 0x00000000029cec10 code [0x00000000029ced80, 0x00000000029cf098]
Event: 6.094 Thread 0x00000000170d2000 1479       3       java.util.concurrent.locks.ReentrantLock$Sync::tryRelease (45 bytes)
Event: 6.095 Thread 0x00000000170d2000 nmethod 1479 0x00000000029d4c10 code [0x00000000029d4da0, 0x00000000029d5348]
Event: 6.108 Thread 0x00000000170c5000 1480       4       java.net.URLClassLoader$1::run (5 bytes)

GC Heap History (10 events):
Event: 3.242 GC heap before
{Heap before GC invocations=3 (full 0):
 PSYoungGen      total 18944K, used 18931K [0x00000000d5580000, 0x00000000d6a80000, 0x0000000100000000)
  eden space 16384K, 100% used [0x00000000d5580000,0x00000000d6580000,0x00000000d6580000)
  from space 2560K, 99% used [0x00000000d6800000,0x00000000d6a7ce70,0x00000000d6a80000)
  to   space 2560K, 0% used [0x00000000d6580000,0x00000000d6580000,0x00000000d6800000)
 ParOldGen       total 44032K, used 990K [0x0000000080000000, 0x0000000082b00000, 0x00000000d5580000)
  object space 44032K, 2% used [0x0000000080000000,0x00000000800f7b38,0x0000000082b00000)
 Metaspace       used 7535K, capacity 7760K, committed 8064K, reserved 1056768K
  class space    used 921K, capacity 1032K, committed 1152K, reserved 1048576K
Event: 3.245 GC heap after
Heap after GC invocations=3 (full 0):
 PSYoungGen      total 18944K, used 2272K [0x00000000d5580000, 0x00000000d6a80000, 0x0000000100000000)
  eden space 16384K, 0% used [0x00000000d5580000,0x00000000d5580000,0x00000000d6580000)
  from space 2560K, 88% used [0x00000000d6580000,0x00000000d67b8020,0x00000000d6800000)
  to   space 2560K, 0% used [0x00000000d6800000,0x00000000d6800000,0x00000000d6a80000)
 ParOldGen       total 44032K, used 998K [0x0000000080000000, 0x0000000082b00000, 0x00000000d5580000)
  object space 44032K, 2% used [0x0000000080000000,0x00000000800f9b38,0x0000000082b00000)
 Metaspace       used 7535K, capacity 7760K, committed 8064K, reserved 1056768K
  class space    used 921K, capacity 1032K, committed 1152K, reserved 1048576K
}
Event: 3.503 GC heap before
{Heap before GC invocations=4 (full 0):
 PSYoungGen      total 18944K, used 18656K [0x00000000d5580000, 0x00000000d6a80000, 0x0000000100000000)
  eden space 16384K, 100% used [0x00000000d5580000,0x00000000d6580000,0x00000000d6580000)
  from space 2560K, 88% used [0x00000000d6580000,0x00000000d67b8020,0x00000000d6800000)
  to   space 2560K, 0% used [0x00000000d6800000,0x00000000d6800000,0x00000000d6a80000)
 ParOldGen       total 44032K, used 998K [0x0000000080000000, 0x0000000082b00000, 0x00000000d5580000)
  object space 44032K, 2% used [0x0000000080000000,0x00000000800f9b38,0x0000000082b00000)
 Metaspace       used 7731K, capacity 8008K, committed 8320K, reserved 1056768K
  class space    used 950K, capacity 1072K, committed 1152K, reserved 1048576K
Event: 3.507 GC heap after
Heap after GC invocations=4 (full 0):
 PSYoungGen      total 18944K, used 2544K [0x00000000d5580000, 0x00000000d7a80000, 0x0000000100000000)
  eden space 16384K, 0% used [0x00000000d5580000,0x00000000d5580000,0x00000000d6580000)
  from space 2560K, 99% used [0x00000000d6800000,0x00000000d6a7c010,0x00000000d6a80000)
  to   space 2560K, 0% used [0x00000000d6580000,0x00000000d6580000,0x00000000d6800000)
 ParOldGen       total 44032K, used 1685K [0x0000000080000000, 0x0000000082b00000, 0x00000000d5580000)
  object space 44032K, 3% used [0x0000000080000000,0x00000000801a5588,0x0000000082b00000)
 Metaspace       used 7731K, capacity 8008K, committed 8320K, reserved 1056768K
  class space    used 950K, capacity 1072K, committed 1152K, reserved 1048576K
}
Event: 3.885 GC heap before
{Heap before GC invocations=5 (full 0):
 PSYoungGen      total 18944K, used 18928K [0x00000000d5580000, 0x00000000d7a80000, 0x0000000100000000)
  eden space 16384K, 100% used [0x00000000d5580000,0x00000000d6580000,0x00000000d6580000)
  from space 2560K, 99% used [0x00000000d6800000,0x00000000d6a7c010,0x00000000d6a80000)
  to   space 2560K, 0% used [0x00000000d6580000,0x00000000d6580000,0x00000000d6800000)
 ParOldGen       total 44032K, used 1685K [0x0000000080000000, 0x0000000082b00000, 0x00000000d5580000)
  object space 44032K, 3% used [0x0000000080000000,0x00000000801a5588,0x0000000082b00000)
 Metaspace       used 8852K, capacity 9064K, committed 9216K, reserved 1056768K
  class space    used 1132K, capacity 1232K, committed 1280K, reserved 1048576K
Event: 3.890 GC heap after
Heap after GC invocations=5 (full 0):
 PSYoungGen      total 18944K, used 2528K [0x00000000d5580000, 0x00000000d7e80000, 0x0000000100000000)
  eden space 16384K, 0% used [0x00000000d5580000,0x00000000d5580000,0x00000000d6580000)
  from space 2560K, 98% used [0x00000000d6580000,0x00000000d67f8020,0x00000000d6800000)
  to   space 4608K, 0% used [0x00000000d7a00000,0x00000000d7a00000,0x00000000d7e80000)
 ParOldGen       total 44032K, used 3050K [0x0000000080000000, 0x0000000082b00000, 0x00000000d5580000)
  object space 44032K, 6% used [0x0000000080000000,0x00000000802faab0,0x0000000082b00000)
 Metaspace       used 8852K, capacity 9064K, committed 9216K, reserved 1056768K
  class space    used 1132K, capacity 1232K, committed 1280K, reserved 1048576K
}
Event: 5.274 GC heap before
{Heap before GC invocations=6 (full 0):
 PSYoungGen      total 18944K, used 18912K [0x00000000d5580000, 0x00000000d7e80000, 0x0000000100000000)
  eden space 16384K, 100% used [0x00000000d5580000,0x00000000d6580000,0x00000000d6580000)
  from space 2560K, 98% used [0x00000000d6580000,0x00000000d67f8020,0x00000000d6800000)
  to   space 4608K, 0% used [0x00000000d7a00000,0x00000000d7a00000,0x00000000d7e80000)
 ParOldGen       total 44032K, used 3050K [0x0000000080000000, 0x0000000082b00000, 0x00000000d5580000)
  object space 44032K, 6% used [0x0000000080000000,0x00000000802faab0,0x0000000082b00000)
 Metaspace       used 12221K, capacity 12516K, committed 12800K, reserved 1060864K
  class space    used 1631K, capacity 1762K, committed 1792K, reserved 1048576K
Event: 5.281 GC heap after
Heap after GC invocations=6 (full 0):
 PSYoungGen      total 20992K, used 4576K [0x00000000d5580000, 0x00000000d7e80000, 0x0000000100000000)
  eden space 16384K, 0% used [0x00000000d5580000,0x00000000d5580000,0x00000000d6580000)
  from space 4608K, 99% used [0x00000000d7a00000,0x00000000d7e78020,0x00000000d7e80000)
  to   space 5632K, 0% used [0x00000000d7380000,0x00000000d7380000,0x00000000d7900000)
 ParOldGen       total 44032K, used 3265K [0x0000000080000000, 0x0000000082b00000, 0x00000000d5580000)
  object space 44032K, 7% used [0x0000000080000000,0x0000000080330680,0x0000000082b00000)
 Metaspace       used 12221K, capacity 12516K, committed 12800K, reserved 1060864K
  class space    used 1631K, capacity 1762K, committed 1792K, reserved 1048576K
}
Event: 5.603 GC heap before
{Heap before GC invocations=7 (full 0):
 PSYoungGen      total 20992K, used 20960K [0x00000000d5580000, 0x00000000d7e80000, 0x0000000100000000)
  eden space 16384K, 100% used [0x00000000d5580000,0x00000000d6580000,0x00000000d6580000)
  from space 4608K, 99% used [0x00000000d7a00000,0x00000000d7e78020,0x00000000d7e80000)
  to   space 5632K, 0% used [0x00000000d7380000,0x00000000d7380000,0x00000000d7900000)
 ParOldGen       total 44032K, used 3265K [0x0000000080000000, 0x0000000082b00000, 0x00000000d5580000)
  object space 44032K, 7% used [0x0000000080000000,0x0000000080330680,0x0000000082b00000)
 Metaspace       used 13114K, capacity 13476K, committed 13824K, reserved 1060864K
  class space    used 1799K, capacity 1950K, committed 2048K, reserved 1048576K
Event: 5.610 GC heap after
Heap after GC invocations=7 (full 0):
 PSYoungGen      total 22016K, used 3189K [0x00000000d5580000, 0x00000000d7e80000, 0x0000000100000000)
  eden space 16384K, 0% used [0x00000000d5580000,0x00000000d5580000,0x00000000d6580000)
  from space 5632K, 56% used [0x00000000d7380000,0x00000000d769d5e8,0x00000000d7900000)
  to   space 4608K, 0% used [0x00000000d7a00000,0x00000000d7a00000,0x00000000d7e80000)
 ParOldGen       total 44032K, used 4909K [0x0000000080000000, 0x0000000082b00000, 0x00000000d5580000)
  object space 44032K, 11% used [0x0000000080000000,0x00000000804cb6e0,0x0000000082b00000)
 Metaspace       used 13114K, capacity 13476K, committed 13824K, reserved 1060864K
  class space    used 1799K, capacity 1950K, committed 2048K, reserved 1048576K
}

Deoptimization events (10 events):
Event: 4.450 Thread 0x00000000023a2800 Uncommon trap: reason=unstable_if action=reinterpret pc=0x00000000027b934c method=java.io.WinNTFileSystem.normalize(Ljava/lang/String;)Ljava/lang/String; @ 128
Event: 4.985 Thread 0x000000001aa5b800 Uncommon trap: reason=unstable_if action=reinterpret pc=0x00000000028aaee4 method=java.util.concurrent.ConcurrentHashMap.putVal(Ljava/lang/Object;Ljava/lang/Object;Z)Ljava/lang/Object; @ 206
Event: 5.107 Thread 0x000000001aa5b800 Uncommon trap: reason=unstable_if action=reinterpret pc=0x00000000027abb54 method=java.lang.String.substring(I)Ljava/lang/String; @ 35
Event: 5.219 Thread 0x000000001ab13000 Uncommon trap: reason=bimorphic action=maybe_recompile pc=0x000000000278869c method=java.util.HashMap.putVal(ILjava/lang/Object;Ljava/lang/Object;ZZ)Ljava/lang/Object; @ 253
Event: 5.219 Thread 0x000000001ab13000 Uncommon trap: reason=bimorphic action=maybe_recompile pc=0x000000000278869c method=java.util.HashMap.putVal(ILjava/lang/Object;Ljava/lang/Object;ZZ)Ljava/lang/Object; @ 253
Event: 5.219 Thread 0x000000001ab13000 Uncommon trap: reason=bimorphic action=maybe_recompile pc=0x000000000278869c method=java.util.HashMap.putVal(ILjava/lang/Object;Ljava/lang/Object;ZZ)Ljava/lang/Object; @ 253
Event: 5.947 Thread 0x000000001ab13000 Uncommon trap: reason=class_check action=maybe_recompile pc=0x00000000027c6a58 method=java.util.regex.Matcher.match(II)Z @ 86
Event: 5.948 Thread 0x000000001ab13000 Uncommon trap: reason=class_check action=maybe_recompile pc=0x00000000027c6a58 method=java.util.regex.Matcher.match(II)Z @ 86
Event: 5.948 Thread 0x000000001ab13000 Uncommon trap: reason=class_check action=maybe_recompile pc=0x00000000027c6a58 method=java.util.regex.Matcher.match(II)Z @ 86
Event: 5.948 Thread 0x000000001ab13000 Uncommon trap: reason=class_check action=maybe_recompile pc=0x00000000026594dc method=java.util.regex.Matcher.match(II)Z @ 86

Classes redefined (0 events):
No events

Internal exceptions (10 events):
Event: 5.011 Thread 0x000000001aa5b800 Exception <a 'java/lang/NoSuchMethodError': <clinit>> (0x00000000d61bbc20) thrown at [C:\src\AOSP-openjdk-git\hotspot\src\share\vm\prims\jni.cpp, line 1615]
Event: 5.049 Thread 0x000000001aa5b800 Exception <a 'java/lang/NoSuchMethodError': <clinit>> (0x00000000d61ce670) thrown at [C:\src\AOSP-openjdk-git\hotspot\src\share\vm\prims\jni.cpp, line 1615]
Event: 5.063 Thread 0x000000001aa5b800 Exception <a 'java/lang/NoSuchMethodError': <clinit>> (0x00000000d61f53a0) thrown at [C:\src\AOSP-openjdk-git\hotspot\src\share\vm\prims\jni.cpp, line 1615]
Event: 5.069 Thread 0x000000001aa5b800 Exception <a 'java/lang/NoSuchMethodError': <clinit>> (0x00000000d620cfb8) thrown at [C:\src\AOSP-openjdk-git\hotspot\src\share\vm\prims\jni.cpp, line 1615]
Event: 5.070 Thread 0x000000001aa5b800 Exception <a 'java/lang/NoSuchMethodError': <clinit>> (0x00000000d6215b58) thrown at [C:\src\AOSP-openjdk-git\hotspot\src\share\vm\prims\jni.cpp, line 1615]
Event: 5.074 Thread 0x000000001aa5b800 Exception <a 'java/lang/NoSuchMethodError': <clinit>> (0x00000000d622bf38) thrown at [C:\src\AOSP-openjdk-git\hotspot\src\share\vm\prims\jni.cpp, line 1615]
Event: 5.116 Thread 0x000000001aa5b800 Exception <a 'java/lang/NoSuchMethodError': <clinit>> (0x00000000d62860d0) thrown at [C:\src\AOSP-openjdk-git\hotspot\src\share\vm\prims\jni.cpp, line 1615]
Event: 5.125 Thread 0x000000001aa5b800 Exception <a 'java/lang/NoSuchMethodError': <clinit>> (0x00000000d62b2a78) thrown at [C:\src\AOSP-openjdk-git\hotspot\src\share\vm\prims\jni.cpp, line 1615]
Event: 5.131 Thread 0x000000001aa5b800 Exception <a 'java/lang/NoSuchMethodError': <clinit>> (0x00000000d62dfc90) thrown at [C:\src\AOSP-openjdk-git\hotspot\src\share\vm\prims\jni.cpp, line 1615]
Event: 5.132 Thread 0x000000001aa5b800 Exception <a 'java/lang/NoSuchMethodError': <clinit>> (0x00000000d62ead38) thrown at [C:\src\AOSP-openjdk-git\hotspot\src\share\vm\prims\jni.cpp, line 1615]

Events (10 events):
Event: 6.129 loading class java/security/NoSuchAlgorithmException done
Event: 6.129 loading class org/gradle/internal/hash/Hashing$CloningMessageDigestHashFunction
Event: 6.129 loading class org/gradle/internal/hash/Hashing$CloningMessageDigestHashFunction done
Event: 6.129 loading class org/gradle/internal/hash/Hashing$RegularMessageDigestHashFunction
Event: 6.129 loading class org/gradle/internal/hash/Hashing$RegularMessageDigestHashFunction done
Event: 6.130 loading class org/gradle/internal/hash/PrimitiveHasher
Event: 6.130 loading class org/gradle/internal/hash/PrimitiveHasher done
Event: 6.130 loading class org/gradle/internal/hash/Hasher
Event: 6.130 loading class org/gradle/internal/hash/Hasher done
Event: 6.130 loading class sun/security/provider/MD5


Dynamic libraries:
0x00007ff654300000 - 0x00007ff654331000 	D:\Android2\jre\bin\java.exe
0x00007ff850920000 - 0x00007ff850ae1000 	C:\WINDOWS\SYSTEM32\ntdll.dll
0x00007ff84ff90000 - 0x00007ff85003d000 	C:\WINDOWS\system32\KERNEL32.DLL
0x00007ff84da30000 - 0x00007ff84dc18000 	C:\WINDOWS\system32\KERNELBASE.dll
0x00007ff84f7a0000 - 0x00007ff84f847000 	C:\WINDOWS\system32\ADVAPI32.dll
0x00007ff84f700000 - 0x00007ff84f79d000 	C:\WINDOWS\system32\msvcrt.dll
0x00007ff84f860000 - 0x00007ff84f8bb000 	C:\WINDOWS\system32\sechost.dll
0x00007ff84de30000 - 0x00007ff84df4c000 	C:\WINDOWS\system32\RPCRT4.dll
0x00007ff850380000 - 0x00007ff8504d6000 	C:\WINDOWS\system32\USER32.dll
0x00007ff850040000 - 0x00007ff8501c6000 	C:\WINDOWS\system32\GDI32.dll
0x00007ff83eea0000 - 0x00007ff83f114000 	C:\WINDOWS\WinSxS\amd64_microsoft.windows.common-controls_6595b64144ccf1df_6.0.10586.0_none_8c15ae12515e1c22\COMCTL32.dll
0x00007ff8506a0000 - 0x00007ff85091d000 	C:\WINDOWS\system32\combase.dll
0x00007ff84d740000 - 0x00007ff84d7aa000 	C:\WINDOWS\system32\bcryptPrimitives.dll
0x00007ff84dd30000 - 0x00007ff84dd6b000 	C:\WINDOWS\system32\IMM32.DLL
0x000000006c070000 - 0x000000006c142000 	D:\Android2\jre\jre\bin\msvcr100.dll
0x000000006c150000 - 0x000000006c99b000 	D:\Android2\jre\jre\bin\server\jvm.dll
0x00007ff84f9d0000 - 0x00007ff84f9d8000 	C:\WINDOWS\system32\PSAPI.DLL
0x00007ff83e460000 - 0x00007ff83e469000 	C:\WINDOWS\SYSTEM32\WSOCK32.dll
0x00007ff84af80000 - 0x00007ff84afa3000 	C:\WINDOWS\SYSTEM32\WINMM.dll
0x00007ff83e490000 - 0x00007ff83e49a000 	C:\WINDOWS\SYSTEM32\VERSION.dll
0x00007ff8504e0000 - 0x00007ff85054b000 	C:\WINDOWS\system32\WS2_32.dll
0x0000000002130000 - 0x000000000215c000 	C:\WINDOWS\SYSTEM32\WINMMBASE.dll
0x00007ff84dcd0000 - 0x00007ff84dd13000 	C:\WINDOWS\system32\cfgmgr32.dll
0x00007ff843bc0000 - 0x00007ff843bcf000 	D:\Android2\jre\jre\bin\verify.dll
0x00007ff843b10000 - 0x00007ff843b39000 	D:\Android2\jre\jre\bin\java.dll
0x00007ff843af0000 - 0x00007ff843b06000 	D:\Android2\jre\jre\bin\zip.dll
0x00007ff84dfc0000 - 0x00007ff84f51f000 	C:\WINDOWS\system32\SHELL32.dll
0x00007ff84d0f0000 - 0x00007ff84d734000 	C:\WINDOWS\system32\windows.storage.dll
0x00007ff84f5f0000 - 0x00007ff84f642000 	C:\WINDOWS\system32\shlwapi.dll
0x00007ff84cfc0000 - 0x00007ff84cfcf000 	C:\WINDOWS\system32\kernel.appcore.dll
0x00007ff84d030000 - 0x00007ff84d0e5000 	C:\WINDOWS\system32\shcore.dll
0x00007ff84cf40000 - 0x00007ff84cf8b000 	C:\WINDOWS\system32\powrprof.dll
0x00007ff84cf90000 - 0x00007ff84cfa4000 	C:\WINDOWS\system32\profapi.dll
0x00007ff843ad0000 - 0x00007ff843aea000 	D:\Android2\jre\jre\bin\net.dll
0x00007ff84c870000 - 0x00007ff84c8cc000 	C:\WINDOWS\system32\mswsock.dll
0x00007ff843a50000 - 0x00007ff843a63000 	D:\Android2\jre\jre\bin\nio.dll
0x00007ff83a6e0000 - 0x00007ff83a706000 	C:\Users\zaina\.gradle\native\31\windows-amd64\native-platform.dll
0x00007ff843bb0000 - 0x00007ff843bbd000 	D:\Android2\jre\jre\bin\management.dll
0x00007ff84c920000 - 0x00007ff84c937000 	C:\WINDOWS\SYSTEM32\CRYPTSP.dll
0x00007ff84c610000 - 0x00007ff84c644000 	C:\WINDOWS\system32\rsaenh.dll
0x00007ff84ce70000 - 0x00007ff84ce99000 	C:\WINDOWS\SYSTEM32\bcrypt.dll
0x00007ff84c700000 - 0x00007ff84c71f000 	C:\WINDOWS\SYSTEM32\USERENV.dll
0x00007ff84ca40000 - 0x00007ff84ca4b000 	C:\WINDOWS\SYSTEM32\CRYPTBASE.dll
0x00007ff842aa0000 - 0x00007ff842ad8000 	C:\WINDOWS\SYSTEM32\IPHLPAPI.DLL
0x00007ff84f850000 - 0x00007ff84f858000 	C:\WINDOWS\system32\NSI.dll
0x00007ff842650000 - 0x00007ff842666000 	C:\WINDOWS\SYSTEM32\dhcpcsvc6.DLL
0x00007ff843140000 - 0x00007ff84315a000 	C:\WINDOWS\SYSTEM32\dhcpcsvc.DLL

VM Arguments:
jvm_args: -Xmx2048m -Dfile.encoding=windows-1252 -Duser.country=GB -Duser.language=en -Duser.variant 
java_command: org.gradle.launcher.daemon.bootstrap.GradleDaemon 6.1.1
java_class_path (initial): C:\Users\zaina\.gradle\wrapper\dists\gradle-6.1.1-all\cfmwm155h49vnt3hynmlrsdst\gradle-6.1.1\lib\gradle-launcher-6.1.1.jar
Launcher Type: SUN_STANDARD

Environment Variables:
PATH=C:\Program Files (x86)\Common Files\Oracle\Java\javapath;C:\Program Files (x86)\Intel\iCLS Client\;C:\Program Files\Intel\iCLS Client\;C:\WINDOWS\system32;C:\WINDOWS;C:\WINDOWS\System32\Wbem;C:\WINDOWS\System32\WindowsPowerShell\v1.0\;C:\Program Files (x86)\Intel\Intel(R) Management Engine Components\DAL;C:\Program Files\Intel\Intel(R) Management Engine Components\DAL;C:\Program Files (x86)\Intel\Intel(R) Management Engine Components\IPT;C:\Program Files\Intel\Intel(R) Management Engine Components\IPT
USERNAME=zaina
OS=Windows_NT
PROCESSOR_IDENTIFIER=Intel64 Family 6 Model 61 Stepping 4, GenuineIntel



---------------  S Y S T E M  ---------------

OS: Windows 10.0 , 64 bit Build 10586 (10.0.10586.0)

CPU:total 4 (initial active 4) (2 cores per cpu, 2 threads per core) family 6 model 61 stepping 4, cmov, cx8, fxsr, mmx, sse, sse2, sse3, ssse3, sse4.1, sse4.2, popcnt, avx, avx2, aes, clmul, erms, 3dnowpref, lzcnt, ht, tsc, tscinvbit, bmi1, bmi2, adx

Memory: 4k page, physical 4107804k(630884k free), swap 5061004k(2284k free)

vm_info: OpenJDK 64-Bit Server VM (25.242-b01) for windows-amd64 JRE (1.8.0_242-release-1644-b01), built by "builder" with MS VC++ 10.0 (VS2010)

time: Tue Jul 28 16:09:52 2020
timezone: Pakistan Standard Time
elapsed time: 6 seconds (0d 0h 0m 6s)

